<?xml version="1.0" encoding="UTF-8"?>
<!-- Generated by org.testng.reporters.JUnitReportReporter -->
<testsuite hostname="VICZIAN-LENOVO" failures="0" tests="1" name="employees.CalculatorTest" time="0.005" errors="0" timestamp="2024-05-09T16:50:54 CEST" skipped="0">
  <testcase classname="employees.CalculatorTest" name="add" time="0.005"/>
  <system-out/>
</testsuite> <!-- employees.CalculatorTest -->
